{"uid":"598643681952f2bb","name":"test_search_and_pair","fullName":"ai_mate_tests.testsplan.test_search_and_pair#test_search_and_pair","historyId":"faab467a4061b7a2c8c9e877864085b6","time":{"start":1758503858239,"stop":1758503866436,"duration":8197},"status":"passed","flaky":false,"newFailed":false,"newBroken":false,"newPassed":false,"retriesCount":6,"retriesStatusChange":true,"beforeStages":[{"name":"driver","time":{"start":1758503847770,"stop":1758503857397,"duration":9627},"status":"passed","steps":[],"attachments":[],"parameters":[],"stepsCount":0,"attachmentStep":false,"hasContent":false,"shouldDisplayMessage":false,"attachmentsCount":0}],"testStage":{"status":"passed","steps":[],"attachments":[{"uid":"c8a851d75be6ce48","name":"ai_mate_tests/testsplan/test_search_and_pair.py::test_search_and_pair_setup","source":"c8a851d75be6ce48.png","type":"image/png","size":459415},{"uid":"b8372ef0ba502027","name":"ai_mate_tests/testsplan/test_search_and_pair.py::test_search_and_pair_call","source":"b8372ef0ba502027.png","type":"image/png","size":578040},{"uid":"ba20ac12128e975","name":"stdout","source":"ba20ac12128e975.txt","type":"text/plain","size":48}],"parameters":[],"stepsCount":0,"attachmentStep":false,"hasContent":true,"shouldDisplayMessage":false,"attachmentsCount":3},"afterStages":[{"name":"driver::0","time":{"start":1758503867303,"stop":1758503867971,"duration":668},"status":"passed","steps":[],"attachments":[],"parameters":[],"stepsCount":0,"attachmentStep":false,"hasContent":false,"shouldDisplayMessage":false,"attachmentsCount":0}],"labels":[{"name":"parentSuite","value":"ai_mate_tests.testsplan"},{"name":"suite","value":"test_search_and_pair"},{"name":"host","value":"DESKTOP-TFDMFFN"},{"name":"thread","value":"23984-MainThread"},{"name":"framework","value":"pytest"},{"name":"language","value":"cpython3"},{"name":"package","value":"ai_mate_tests.testsplan.test_search_and_pair"},{"name":"resultFormat","value":"allure2"}],"parameters":[],"links":[],"hidden":false,"retry":false,"extra":{"severity":"normal","retries":[{"uid":"a63b6a16bb920ab7","status":"broken","statusDetails":"selenium.common.exceptions.NoSuchElementException: Message: An element could not be located on the page using the given search parameters.; For documentation on this error, please visit: https://www.selenium.dev/documentation/webdriver/troubleshooting/errors#nosuchelementexception\nStacktrace:\nNoSuchElementError: An element could not be located on the page using the given search parameters.\n    at AndroidUiautomator2Driver.findElOrEls (C:\\Program Files\\Appium\\resources\\app\\node_modules\\appium\\node_modules\\appium-android-driver\\lib\\commands\\find.js:75:11)","time":{"start":1758503777217,"stop":1758503787356,"duration":10139}},{"uid":"e46565b86b7f9ee7","status":"broken","statusDetails":"selenium.common.exceptions.NoSuchElementException: Message: An element could not be located on the page using the given search parameters.; For documentation on this error, please visit: https://www.selenium.dev/documentation/webdriver/troubleshooting/errors#nosuchelementexception\nStacktrace:\nNoSuchElementError: An element could not be located on the page using the given search parameters.\n    at AndroidUiautomator2Driver.findElOrEls (C:\\Program Files\\Appium\\resources\\app\\node_modules\\appium\\node_modules\\appium-android-driver\\lib\\commands\\find.js:75:11)","time":{"start":1758503700601,"stop":1758503710723,"duration":10122}},{"uid":"4a1a61abdd468d04","status":"passed","time":{"start":1758503469464,"stop":1758503483938,"duration":14474}},{"uid":"85b7f5e07325e40d","status":"broken","statusDetails":"selenium.common.exceptions.NoSuchElementException: Message: An element could not be located on the page using the given search parameters.; For documentation on this error, please visit: https://www.selenium.dev/documentation/webdriver/troubleshooting/errors#nosuchelementexception\nStacktrace:\nNoSuchElementError: An element could not be located on the page using the given search parameters.\n    at AndroidUiautomator2Driver.findElOrEls (C:\\Program Files\\Appium\\resources\\app\\node_modules\\appium\\node_modules\\appium-android-driver\\lib\\commands\\find.js:75:11)","time":{"start":1758503323721,"stop":1758503333876,"duration":10155}},{"uid":"4de4521b2a29539a","status":"broken","statusDetails":"selenium.common.exceptions.NoSuchElementException: Message: An element could not be located on the page using the given search parameters.; For documentation on this error, please visit: https://www.selenium.dev/documentation/webdriver/troubleshooting/errors#nosuchelementexception\nStacktrace:\nNoSuchElementError: An element could not be located on the page using the given search parameters.\n    at AndroidUiautomator2Driver.findElOrEls (C:\\Program Files\\Appium\\resources\\app\\node_modules\\appium\\node_modules\\appium-android-driver\\lib\\commands\\find.js:75:11)","time":{"start":1758188133993,"stop":1758188144187,"duration":10194}},{"uid":"c74668987151ffef","status":"broken","statusDetails":"selenium.common.exceptions.NoSuchElementException: Message: An element could not be located on the page using the given search parameters.; For documentation on this error, please visit: https://www.selenium.dev/documentation/webdriver/troubleshooting/errors#nosuchelementexception\nStacktrace:\nNoSuchElementError: An element could not be located on the page using the given search parameters.\n    at AndroidUiautomator2Driver.findElOrEls (C:\\Program Files\\Appium\\resources\\app\\node_modules\\appium\\node_modules\\appium-android-driver\\lib\\commands\\find.js:75:11)","time":{"start":1758185195952,"stop":1758185206140,"duration":10188}}],"categories":[],"tags":[]},"source":"598643681952f2bb.json","parameterValues":[]}