{"uid":"767fa87dbfb2e8f9","name":"test_search_and_pair","fullName":"ai_mate_tests.testsplan.test_search_and_pair#test_search_and_pair","historyId":"faab467a4061b7a2c8c9e877864085b6","time":{"start":1760759300958,"stop":1760759340091,"duration":39133},"status":"failed","statusMessage":"AssertionError: ❌ 配对失败，未检测到 '对话翻译' 页面\nassert False\n +  where False = is_paired_success(timeout=30)\n +    where is_paired_success = <ai_mate_tests.pages.device_page.DevicePage object at 0x0000017F9213CEC0>.is_paired_success","statusTrace":"ai_mate_driver = <appium.webdriver.webdriver.WebDriver (session=\"ab86f123-1b68-4d42-8215-dfefa50bc2aa\")>\n\n    def test_search_and_pair(ai_mate_driver):\n        welcome = WelcomePage(ai_mate_driver)\n        device = DevicePage(ai_mate_driver)\n        popup = PopupPage(ai_mate_driver)\n    \n        # Step 1:弹窗处理\n        popup.handle_interference_popup()\n        # Step 2: 同意协议、进入首页\n        welcome.accept_all()\n    \n        popup.handle_interference_popup()\n    \n        # Step 3: 点击搜索到的眼镜设备\n        device.search_device()\n    \n        # Step 4: 点击配对\n        device.pair_device()\n    \n        # Step 5: 断言：是否进入到含有 “对话翻译” 的页面\n>       assert device.is_paired_success(timeout=30), \"❌ 配对失败，未检测到 '对话翻译' 页面\"\nE       AssertionError: ❌ 配对失败，未检测到 '对话翻译' 页面\nE       assert False\nE        +  where False = is_paired_success(timeout=30)\nE        +    where is_paired_success = <ai_mate_tests.pages.device_page.DevicePage object at 0x0000017F9213CEC0>.is_paired_success\n\nai_mate_tests\\testsplan\\test_search_and_pair.py:27: AssertionError","flaky":false,"newFailed":false,"newBroken":false,"newPassed":false,"retriesCount":10,"retriesStatusChange":true,"beforeStages":[{"name":"ai_mate_driver","time":{"start":1760759289982,"stop":1760759300958,"duration":10976},"status":"passed","steps":[],"attachments":[],"parameters":[],"shouldDisplayMessage":false,"attachmentsCount":0,"hasContent":false,"attachmentStep":false,"stepsCount":0}],"testStage":{"status":"failed","statusMessage":"AssertionError: ❌ 配对失败，未检测到 '对话翻译' 页面\nassert False\n +  where False = is_paired_success(timeout=30)\n +    where is_paired_success = <ai_mate_tests.pages.device_page.DevicePage object at 0x0000017F9213CEC0>.is_paired_success","statusTrace":"ai_mate_driver = <appium.webdriver.webdriver.WebDriver (session=\"ab86f123-1b68-4d42-8215-dfefa50bc2aa\")>\n\n    def test_search_and_pair(ai_mate_driver):\n        welcome = WelcomePage(ai_mate_driver)\n        device = DevicePage(ai_mate_driver)\n        popup = PopupPage(ai_mate_driver)\n    \n        # Step 1:弹窗处理\n        popup.handle_interference_popup()\n        # Step 2: 同意协议、进入首页\n        welcome.accept_all()\n    \n        popup.handle_interference_popup()\n    \n        # Step 3: 点击搜索到的眼镜设备\n        device.search_device()\n    \n        # Step 4: 点击配对\n        device.pair_device()\n    \n        # Step 5: 断言：是否进入到含有 “对话翻译” 的页面\n>       assert device.is_paired_success(timeout=30), \"❌ 配对失败，未检测到 '对话翻译' 页面\"\nE       AssertionError: ❌ 配对失败，未检测到 '对话翻译' 页面\nE       assert False\nE        +  where False = is_paired_success(timeout=30)\nE        +    where is_paired_success = <ai_mate_tests.pages.device_page.DevicePage object at 0x0000017F9213CEC0>.is_paired_success\n\nai_mate_tests\\testsplan\\test_search_and_pair.py:27: AssertionError","steps":[],"attachments":[{"uid":"145ef7125862a8ef","name":"ai_mate_tests/testsplan/test_search_and_pair.py::test_search_and_pair_call","source":"145ef7125862a8ef.png","type":"image/png","size":107923},{"uid":"cd6638ec1cd6581c","name":"stdout","source":"cd6638ec1cd6581c.txt","type":"text/plain","size":821}],"parameters":[],"shouldDisplayMessage":true,"attachmentsCount":2,"hasContent":true,"attachmentStep":false,"stepsCount":0},"afterStages":[{"name":"ai_mate_driver::0","time":{"start":1760759340600,"stop":1760759341219,"duration":619},"status":"passed","steps":[],"attachments":[],"parameters":[],"shouldDisplayMessage":false,"attachmentsCount":0,"hasContent":false,"attachmentStep":false,"stepsCount":0}],"labels":[{"name":"parentSuite","value":"ai_mate_tests.testsplan"},{"name":"suite","value":"test_search_and_pair"},{"name":"host","value":"DESKTOP-TFDMFFN"},{"name":"thread","value":"67132-MainThread"},{"name":"framework","value":"pytest"},{"name":"language","value":"cpython3"},{"name":"package","value":"ai_mate_tests.testsplan.test_search_and_pair"},{"name":"resultFormat","value":"allure2"}],"parameters":[],"links":[],"hidden":false,"retry":false,"extra":{"severity":"normal","retries":[{"uid":"409d1b6b559476b","status":"broken","statusDetails":"selenium.common.exceptions.NoSuchElementException: Message: An element could not be located on the page using the given search parameters.; For documentation on this error, please visit: https://www.selenium.dev/documentation/webdriver/troubleshooting/errors#nosuchelementexception\nStacktrace:\nNoSuchElementError: An element could not be located on the page using the given search parameters.\n    at AndroidUiautomator2Driver.findElOrEls (C:\\Program Files\\Appium\\resources\\app\\node_modules\\appium\\node_modules\\appium-android-driver\\lib\\commands\\find.js:75:11)","time":{"start":1760683124038,"stop":1760683148315,"duration":24277}},{"uid":"50959b6d76f14b87","status":"broken","statusDetails":"selenium.common.exceptions.NoSuchElementException: Message: An element could not be located on the page using the given search parameters.; For documentation on this error, please visit: https://www.selenium.dev/documentation/webdriver/troubleshooting/errors#nosuchelementexception\nStacktrace:\nNoSuchElementError: An element could not be located on the page using the given search parameters.\n    at AndroidUiautomator2Driver.findElOrEls (C:\\Program Files\\Appium\\resources\\app\\node_modules\\appium\\node_modules\\appium-android-driver\\lib\\commands\\find.js:75:11)","time":{"start":1760606455604,"stop":1760606480342,"duration":24738}},{"uid":"1d994aeb4e9d29f","status":"broken","statusDetails":"selenium.common.exceptions.NoSuchElementException: Message: An element could not be located on the page using the given search parameters.; For documentation on this error, please visit: https://www.selenium.dev/documentation/webdriver/troubleshooting/errors#nosuchelementexception\nStacktrace:\nNoSuchElementError: An element could not be located on the page using the given search parameters.\n    at AndroidUiautomator2Driver.findElOrEls (C:\\Program Files\\Appium\\resources\\app\\node_modules\\appium\\node_modules\\appium-android-driver\\lib\\commands\\find.js:75:11)","time":{"start":1758591894141,"stop":1758591918590,"duration":24449}},{"uid":"e6e22364b58c224","status":"passed","time":{"start":1758503858239,"stop":1758503866436,"duration":8197}},{"uid":"8a5fcb80568b8960","status":"broken","statusDetails":"selenium.common.exceptions.NoSuchElementException: Message: An element could not be located on the page using the given search parameters.; For documentation on this error, please visit: https://www.selenium.dev/documentation/webdriver/troubleshooting/errors#nosuchelementexception\nStacktrace:\nNoSuchElementError: An element could not be located on the page using the given search parameters.\n    at AndroidUiautomator2Driver.findElOrEls (C:\\Program Files\\Appium\\resources\\app\\node_modules\\appium\\node_modules\\appium-android-driver\\lib\\commands\\find.js:75:11)","time":{"start":1758503777217,"stop":1758503787356,"duration":10139}},{"uid":"24bcaca1ea6b9ea7","status":"broken","statusDetails":"selenium.common.exceptions.NoSuchElementException: Message: An element could not be located on the page using the given search parameters.; For documentation on this error, please visit: https://www.selenium.dev/documentation/webdriver/troubleshooting/errors#nosuchelementexception\nStacktrace:\nNoSuchElementError: An element could not be located on the page using the given search parameters.\n    at AndroidUiautomator2Driver.findElOrEls (C:\\Program Files\\Appium\\resources\\app\\node_modules\\appium\\node_modules\\appium-android-driver\\lib\\commands\\find.js:75:11)","time":{"start":1758503700601,"stop":1758503710723,"duration":10122}},{"uid":"cbd55f6dbb264eae","status":"passed","time":{"start":1758503469464,"stop":1758503483938,"duration":14474}},{"uid":"c1713088eab25308","status":"broken","statusDetails":"selenium.common.exceptions.NoSuchElementException: Message: An element could not be located on the page using the given search parameters.; For documentation on this error, please visit: https://www.selenium.dev/documentation/webdriver/troubleshooting/errors#nosuchelementexception\nStacktrace:\nNoSuchElementError: An element could not be located on the page using the given search parameters.\n    at AndroidUiautomator2Driver.findElOrEls (C:\\Program Files\\Appium\\resources\\app\\node_modules\\appium\\node_modules\\appium-android-driver\\lib\\commands\\find.js:75:11)","time":{"start":1758503323721,"stop":1758503333876,"duration":10155}},{"uid":"8ba70ed554d2cae","status":"broken","statusDetails":"selenium.common.exceptions.NoSuchElementException: Message: An element could not be located on the page using the given search parameters.; For documentation on this error, please visit: https://www.selenium.dev/documentation/webdriver/troubleshooting/errors#nosuchelementexception\nStacktrace:\nNoSuchElementError: An element could not be located on the page using the given search parameters.\n    at AndroidUiautomator2Driver.findElOrEls (C:\\Program Files\\Appium\\resources\\app\\node_modules\\appium\\node_modules\\appium-android-driver\\lib\\commands\\find.js:75:11)","time":{"start":1758188133993,"stop":1758188144187,"duration":10194}},{"uid":"b472995e6726f9f8","status":"broken","statusDetails":"selenium.common.exceptions.NoSuchElementException: Message: An element could not be located on the page using the given search parameters.; For documentation on this error, please visit: https://www.selenium.dev/documentation/webdriver/troubleshooting/errors#nosuchelementexception\nStacktrace:\nNoSuchElementError: An element could not be located on the page using the given search parameters.\n    at AndroidUiautomator2Driver.findElOrEls (C:\\Program Files\\Appium\\resources\\app\\node_modules\\appium\\node_modules\\appium-android-driver\\lib\\commands\\find.js:75:11)","time":{"start":1758185195952,"stop":1758185206140,"duration":10188}}],"categories":[{"name":"Product defects","matchedStatuses":[]}],"tags":[]},"source":"767fa87dbfb2e8f9.json","parameterValues":[]}